<?xml version="1.0" encoding="UTF-8"?>
<testng-results ignored="0" total="3" passed="3" failed="0" skipped="0">
  <reporter-output>
  </reporter-output>
  <suite started-at="2024-04-23T06:22:15Z" name="Default suite" finished-at="2024-04-23T06:22:37Z" duration-ms="22301">
    <groups>
    </groups>
    <test started-at="2024-04-23T06:22:15Z" name="Default test" finished-at="2024-04-23T06:22:37Z" duration-ms="22301">
      <class name="orangeHRM_AUTO.Login">
        <test-method is-config="true" signature="navigate_functionality()[pri:0, instance:orangeHRM_AUTO.Login@1698ee84]" started-at="2024-04-23T11:52:15Z" name="navigate_functionality" finished-at="2024-04-23T11:52:21Z" duration-ms="6102" status="PASS">
          <reporter-output>
          </reporter-output>
        </test-method> <!-- navigate_functionality -->
        <test-method signature="username_functionality()[pri:1, instance:orangeHRM_AUTO.Login@1698ee84]" started-at="2024-04-23T11:52:21Z" name="username_functionality" finished-at="2024-04-23T11:52:29Z" duration-ms="7880" status="PASS">
          <reporter-output>
          </reporter-output>
        </test-method> <!-- username_functionality -->
        <test-method signature="buzz_functionality()[pri:2, instance:orangeHRM_AUTO.Login@1698ee84]" started-at="2024-04-23T11:52:29Z" name="buzz_functionality" finished-at="2024-04-23T11:52:34Z" duration-ms="5515" status="PASS">
          <reporter-output>
          </reporter-output>
        </test-method> <!-- buzz_functionality -->
        <test-method signature="buzz_POST()[pri:3, instance:orangeHRM_AUTO.Login@1698ee84]" started-at="2024-04-23T11:52:34Z" name="buzz_POST" finished-at="2024-04-23T11:52:37Z" duration-ms="2142" status="PASS">
          <reporter-output>
          </reporter-output>
        </test-method> <!-- buzz_POST -->
        <test-method is-config="true" signature="quit_functionality()[pri:0, instance:orangeHRM_AUTO.Login@1698ee84]" started-at="2024-04-23T11:52:37Z" name="quit_functionality" finished-at="2024-04-23T11:52:37Z" duration-ms="586" status="PASS">
          <reporter-output>
          </reporter-output>
        </test-method> <!-- quit_functionality -->
      </class> <!-- orangeHRM_AUTO.Login -->
    </test> <!-- Default test -->
  </suite> <!-- Default suite -->
</testng-results>
